<?xml version="1.0" encoding="UTF-8"?>
<!-- Generated by org.testng.reporters.JUnitXMLReporter -->
<testsuite ignored="1" hostname="MSI" failures="0" tests="1" name="Default test" time="46.482" errors="0" timestamp="2023-07-06T21:31:23 ICT">
  <testcase classname="automation.testsuite.TrangNguyen.Login_factory" name="LoginSS" time="12.192"/>
  <testcase classname="automation.testsuite.TrangNguyen.Login_factory" name="LoginUSS" time="0.0">
    <ignored/>
  </testcase> <!-- LoginUSS -->
</testsuite> <!-- Default test -->
