<?xml version="1.0" encoding="UTF-8"?>
<testng-results ignored="0" total="1" passed="1" failed="0" skipped="0">
  <reporter-output>
  </reporter-output>
  <suite started-at="2023-07-20T20:33:36 ICT" name="Default suite" finished-at="2023-07-20T20:33:44 ICT" duration-ms="7893">
    <groups>
    </groups>
    <test started-at="2023-07-20T20:33:36 ICT" name="Default test" finished-at="2023-07-20T20:33:44 ICT" duration-ms="7893">
      <class name="automation.testsuite.TrangNguyen.FLIGHTS_TEST">
        <test-method is-config="true" signature="openSystemUnderTest()[pri:0, instance:automation.testsuite.TrangNguyen.FLIGHTS_TEST@6e9a5ed8]" started-at="2023-07-20T20:33:36 ICT" name="openSystemUnderTest" finished-at="2023-07-20T20:33:42 ICT" duration-ms="5989" status="PASS">
          <reporter-output>
          </reporter-output>
        </test-method> <!-- openSystemUnderTest -->
        <test-method signature="Search_SS()[pri:0, instance:automation.testsuite.TrangNguyen.FLIGHTS_TEST@6e9a5ed8]" started-at="2023-07-20T20:33:42 ICT" name="Search_SS" finished-at="2023-07-20T20:33:44 ICT" duration-ms="1858" status="PASS">
          <reporter-output>
          </reporter-output>
        </test-method> <!-- Search_SS -->
      </class> <!-- automation.testsuite.TrangNguyen.FLIGHTS_TEST -->
    </test> <!-- Default test -->
  </suite> <!-- Default suite -->
</testng-results>
